app/build/outputs/logs/manifest-merger-debug-report.txt
-- Merging decision tree log ---
manifest
ADDED from src\main\AndroidManifest.xml:2:1-70:12
	package
		ADDED from src\main\AndroidManifest.xml:3:5-31
		INJECTED from src\main\AndroidManifest.xml
		INJECTED from src\main\AndroidManifest.xml
	android:versionName
		INJECTED from src\main\AndroidManifest.xml
		INJECTED from src\main\AndroidManifest.xml
	xmlns:android
		ADDED from src\main\AndroidManifest.xml:2:11-69
	android:versionCode
		INJECTED from src\main\AndroidManifest.xml
		INJECTED from src\main\AndroidManifest.xml
uses-permission#android.permission.INTERNET
ADDED from src\main\AndroidManifest.xml:5:5-67
	android:name
		ADDED from src\main\AndroidManifest.xml:5:22-64
uses-permission#android.permission.ACCESS_NETWORK_STATE
ADDED from src\main\AndroidManifest.xml:6:5-79
	android:name
		ADDED from src\main\AndroidManifest.xml:6:22-76
uses-permission#android.permission.WAKE_LOCK
ADDED from src\main\AndroidManifest.xml:7:5-68
	android:name
		ADDED from src\main\AndroidManifest.xml:7:22-65
uses-permission#android.permission.VIBRATE
ADDED from src\main\AndroidManifest.xml:8:5-66
	android:name
		ADDED from src\main\AndroidManifest.xml:8:22-63
uses-permission#android.permission.RECEIVE_BOOT_COMPLETED
ADDED from src\main\AndroidManifest.xml:9:5-81
	android:name
		ADDED from src\main\AndroidManifest.xml:9:22-78
uses-permission#android.permission.GET_ACCOUNTS
ADDED from src\main\AndroidManifest.xml:10:5-71
	android:name
		ADDED from src\main\AndroidManifest.xml:10:22-68
uses-permission#com.google.android.c2dm.permission.RECEIVE
ADDED from src\main\AndroidManifest.xml:11:5-82
	android:name
		ADDED from src\main\AndroidManifest.xml:11:22-79
permission#com.teioh.m_feed.permission.C2D_MESSAGE
ADDED from src\main\AndroidManifest.xml:13:5-15:66
	android:protectionLevel
		ADDED from src\main\AndroidManifest.xml:14:9-44
	android:name
		ADDED from src\main\AndroidManifest.xml:15:9-63
uses-permission#com.teioh.m_feed.permission.C2D_MESSAGE
ADDED from src\main\AndroidManifest.xml:16:5-79
	android:name
		ADDED from src\main\AndroidManifest.xml:16:22-76
application
ADDED from src\main\AndroidManifest.xml:18:5-68:19
MERGED from [com.android.support:appcompat-v7:23.0.1] AndroidManifest.xml:22:5-20
MERGED from [com.android.support:support-v4:23.0.1] AndroidManifest.xml:22:5-20
MERGED from [com.android.support:appcompat-v7:23.0.1] AndroidManifest.xml:22:5-20
MERGED from [com.android.support:support-v4:23.0.1] AndroidManifest.xml:22:5-20
	android:label
		ADDED from src\main\AndroidManifest.xml:22:9-41
	android:allowBackup
		ADDED from src\main\AndroidManifest.xml:20:9-35
	android:icon
		ADDED from src\main\AndroidManifest.xml:21:9-43
	android:theme
		ADDED from src\main\AndroidManifest.xml:23:9-40
	android:name
		ADDED from src\main\AndroidManifest.xml:19:9-47
activity#com.teioh.m_feed.LoginActivity
ADDED from src\main\AndroidManifest.xml:24:9-26:60
	android:label
		ADDED from src\main\AndroidManifest.xml:26:13-57
	android:name
		ADDED from src\main\AndroidManifest.xml:25:13-42
activity#com.teioh.m_feed.MainActivity
ADDED from src\main\AndroidManifest.xml:27:9-35:20
	android:label
		ADDED from src\main\AndroidManifest.xml:29:13-56
	android:name
		ADDED from src\main\AndroidManifest.xml:28:13-41
intent-filter#android.intent.action.MAIN+android.intent.category.LAUNCHER
ADDED from src\main\AndroidManifest.xml:30:13-34:29
action#android.intent.action.MAIN
ADDED from src\main\AndroidManifest.xml:31:17-69
	android:name
		ADDED from src\main\AndroidManifest.xml:31:25-66
category#android.intent.category.LAUNCHER
ADDED from src\main\AndroidManifest.xml:33:17-77
	android:name
		ADDED from src\main\AndroidManifest.xml:33:27-74
service#com.parse.PushService
ADDED from src\main\AndroidManifest.xml:38:9-57
	android:name
		ADDED from src\main\AndroidManifest.xml:38:18-54
receiver#com.parse.ParseBroadcastReceiver
ADDED from src\main\AndroidManifest.xml:40:9-45:20
	android:name
		ADDED from src\main\AndroidManifest.xml:40:19-66
intent-filter#android.intent.action.BOOT_COMPLETED+android.intent.action.USER_PRESENT
ADDED from src\main\AndroidManifest.xml:41:13-44:29
action#android.intent.action.BOOT_COMPLETED
ADDED from src\main\AndroidManifest.xml:42:17-79
	android:name
		ADDED from src\main\AndroidManifest.xml:42:25-76
action#android.intent.action.USER_PRESENT
ADDED from src\main\AndroidManifest.xml:43:17-77
	android:name
		ADDED from src\main\AndroidManifest.xml:43:25-74
receiver#com.teioh.m_feed.Utils.ParsePushReciever
ADDED from src\main\AndroidManifest.xml:46:9-54:20
	android:exported
		ADDED from src\main\AndroidManifest.xml:48:13-37
	android:name
		ADDED from src\main\AndroidManifest.xml:47:13-52
intent-filter#com.parse.push.intent.DELETE+com.parse.push.intent.OPEN+com.parse.push.intent.RECEIVE
ADDED from src\main\AndroidManifest.xml:49:13-53:29
action#com.parse.push.intent.RECEIVE
ADDED from src\main\AndroidManifest.xml:50:17-72
	android:name
		ADDED from src\main\AndroidManifest.xml:50:25-69
action#com.parse.push.intent.DELETE
ADDED from src\main\AndroidManifest.xml:51:17-71
	android:name
		ADDED from src\main\AndroidManifest.xml:51:25-68
action#com.parse.push.intent.OPEN
ADDED from src\main\AndroidManifest.xml:52:17-69
	android:name
		ADDED from src\main\AndroidManifest.xml:52:25-66
receiver#com.parse.GcmBroadcastReceiver
ADDED from src\main\AndroidManifest.xml:55:9-67:20
	android:permission
		ADDED from src\main\AndroidManifest.xml:57:13-73
	android:name
		ADDED from src\main\AndroidManifest.xml:56:13-58
intent-filter#com.google.android.c2dm.intent.RECEIVE+com.google.android.c2dm.intent.REGISTRATION+com.teioh.m_feed
ADDED from src\main\AndroidManifest.xml:58:13-66:29
action#com.google.android.c2dm.intent.RECEIVE
ADDED from src\main\AndroidManifest.xml:59:17-81
	android:name
		ADDED from src\main\AndroidManifest.xml:59:25-78
action#com.google.android.c2dm.intent.REGISTRATION
ADDED from src\main\AndroidManifest.xml:60:17-86
	android:name
		ADDED from src\main\AndroidManifest.xml:60:25-83
category#com.teioh.m_feed
ADDED from src\main\AndroidManifest.xml:65:17-61
	android:name
		ADDED from src\main\AndroidManifest.xml:65:27-58
uses-sdk
INJECTED from src\main\AndroidManifest.xml reason: use-sdk injection requested
MERGED from [com.android.support:appcompat-v7:23.0.1] AndroidManifest.xml:20:5-43
MERGED from [com.android.support:support-v4:23.0.1] AndroidManifest.xml:20:5-43
MERGED from [com.android.support:appcompat-v7:23.0.1] AndroidManifest.xml:20:5-43
MERGED from [com.android.support:support-v4:23.0.1] AndroidManifest.xml:20:5-43
MERGED from [com.github.deano2390:FlowTextView:2.0.4] AndroidManifest.xml:7:5-9:41
	android:targetSdkVersion
		INJECTED from src\main\AndroidManifest.xml
		INJECTED from src\main\AndroidManifest.xml
	android:minSdkVersion
		INJECTED from src\main\AndroidManifest.xml
		INJECTED from src\main\AndroidManifest.xml